31-Dec-2022 22:39:18.056	info: Starting server in dev mode
31-Dec-2022 22:39:18.059	info: Connecting to database role-based-api...
31-Dec-2022 22:39:18.082	success: Connected to database
31-Dec-2022 22:39:18.085	success: API server listening on port 5005
31-Dec-2022 22:39:49.738	info: Starting server in dev mode
31-Dec-2022 22:39:49.740	info: Connecting to database role-based-api...
31-Dec-2022 22:39:49.765	success: Connected to database
31-Dec-2022 22:39:49.768	success: API server listening on port 5005
31-Dec-2022 22:39:53.587	info: Starting server in dev mode
31-Dec-2022 22:39:53.589	info: Connecting to database role-based-api...
31-Dec-2022 22:39:53.611	success: Connected to database
31-Dec-2022 22:39:53.614	success: API server listening on port 5005
31-Dec-2022 22:40:24.353	info: Starting server in dev mode
31-Dec-2022 22:40:24.355	info: Connecting to database role-based-api...
31-Dec-2022 22:40:24.379	success: Connected to database
31-Dec-2022 22:40:24.383	success: API server listening on port 5005
31-Dec-2022 22:40:28.015	info: Starting server in dev mode
31-Dec-2022 22:40:28.018	info: Connecting to database role-based-api...
31-Dec-2022 22:40:28.043	success: Connected to database
31-Dec-2022 22:40:28.046	success: API server listening on port 5005
31-Dec-2022 22:40:35.564	info: Starting server in dev mode
31-Dec-2022 22:40:35.566	info: Connecting to database role-based-api...
31-Dec-2022 22:40:35.589	success: Connected to database
31-Dec-2022 22:40:35.591	success: API server listening on port 5005
31-Dec-2022 22:41:26.173	info: Starting server in dev mode
31-Dec-2022 22:41:26.176	info: Connecting to database role-based-api...
31-Dec-2022 22:41:26.199	success: Connected to database
31-Dec-2022 22:41:26.201	success: API server listening on port 5005
31-Dec-2022 22:43:55.856	info: Starting server in dev mode
31-Dec-2022 22:43:55.858	info: Connecting to database role-based-api...
31-Dec-2022 22:43:55.881	success: Connected to database
31-Dec-2022 22:43:55.884	success: API server listening on port 5005
31-Dec-2022 22:44:04.387	info: Starting server in dev mode
31-Dec-2022 22:44:04.389	info: Connecting to database role-based-api...
31-Dec-2022 22:44:04.414	success: Connected to database
31-Dec-2022 22:44:04.417	success: API server listening on port 5005
31-Dec-2022 22:44:23.434	info: Starting server in dev mode
31-Dec-2022 22:44:23.436	info: Connecting to database role-based-api...
31-Dec-2022 22:44:23.459	success: Connected to database
31-Dec-2022 22:44:23.462	success: API server listening on port 5005
31-Dec-2022 22:44:30.493	info: root testing route	7392	"testing logger"
31-Dec-2022 22:44:35.931	info: root testing route	12831	"testing logger"
31-Dec-2022 22:44:43.379	info: root testing route	20279	"testing logger"
31-Dec-2022 22:45:00.039	info: Starting server in dev mode
31-Dec-2022 22:45:00.041	info: Connecting to database role-based-api...
31-Dec-2022 22:45:00.065	success: Connected to database
31-Dec-2022 22:45:00.067	success: API server listening on port 5005
31-Dec-2022 22:45:01.015	info: Starting server in dev mode
31-Dec-2022 22:45:01.018	info: Connecting to database role-based-api...
31-Dec-2022 22:45:01.041	success: Connected to database
31-Dec-2022 22:45:01.045	success: API server listening on port 5005
31-Dec-2022 22:45:01.255	info: / root route	601	"testing logger"
31-Dec-2022 22:45:13.706	info: / root route	13052	"testing logger"
31-Dec-2022 22:45:53.298	info: Starting server in dev mode
31-Dec-2022 22:45:53.302	info: Connecting to database role-based-api...
31-Dec-2022 22:45:53.326	success: Connected to database
31-Dec-2022 22:45:53.329	success: API server listening on port 5005
31-Dec-2022 22:45:57.454	info: / root route	4483	"testing logger"
